Arguments: 
  /Users/daveholst/.nvm/versions/node/v14.15.5/bin/node /Users/daveholst/.yarn/bin/yarn.js

PATH: 
  /usr/local/opt/php@7.3/sbin:/usr/local/opt/php@7.3/bin:/Users/daveholst/.yarn/bin:/Users/daveholst/.config/yarn/global/node_modules/.bin:/Applications/Postgres.app/Contents/Versions/12/bin:/usr/local/opt/mysql-client/bin:/usr/local/opt/php@7.3/sbin:/usr/local/opt/php@7.3/bin:/Users/daveholst/.yarn/bin:/Users/daveholst/.config/yarn/global/node_modules/.bin:/Applications/Postgres.app/Contents/Versions/12/bin:/usr/local/opt/mysql-client/bin:/Users/daveholst/.nvm/versions/node/v14.15.5/bin:/usr/local/bin:/usr/bin:/bin:/usr/sbin:/sbin:/Applications/VMware Fusion.app/Contents/Public:/Library/Apple/usr/bin:/Users/daveholst/.fig/bin

Yarn version: 
  1.22.15

Node version: 
  14.15.5

Platform: 
  darwin x64

Trace: 
  Error: getaddrinfo ENOTFOUND registry.yarnpkg.com
      at GetAddrInfoReqWrap.onlookup [as oncomplete] (dns.js:67:26)

npm manifest: 
  {
    "name": "rami-xmas-card",
    "version": "0.0.0",
    "scripts": {
      "dev": "vite",
      "build": "vite build",
      "serve": "vite preview"
    },
    "dependencies": {
      "react": "^17.0.0",
      "react-dom": "^17.0.0"
    },
    "devDependencies": {
      "@vitejs/plugin-react": "^1.0.0",
      "vite": "^2.6.4"
    }
  }

yarn manifest: 
  No manifest

Lockfile: 
  No lockfile
